[INFO] [2018-12-11 10:34:03,947] [F:\Python3.6\lib\site-packages\apscheduler\scheduler.py] [scheduler] [add_job] 288: Adding job tentatively -- it will be properly scheduled when the scheduler starts
[INFO] [2018-12-11 10:34:03,948] [F:\Python3.6\lib\site-packages\apscheduler\scheduler.py] [scheduler] [_real_add_job] 263: Added job "tsk (trigger: interval[0:01:00], next run at: 2018-12-11 10:35:03.947683)" to job store "default"
[INFO] [2018-12-11 10:34:03,948] [F:\Python3.6\lib\site-packages\apscheduler\scheduler.py] [scheduler] [_main_loop] 575: Scheduler started
[DEBUG] [2018-12-11 10:34:03,948] [F:\Python3.6\lib\site-packages\apscheduler\scheduler.py] [scheduler] [_main_loop] 580: Looking for jobs to run
[DEBUG] [2018-12-11 10:34:03,956] [F:\Python3.6\lib\site-packages\apscheduler\scheduler.py] [scheduler] [_main_loop] 589: Next wakeup is due at 2018-12-11 10:35:03.947683 (in 59.999000 seconds)
[INFO] [2018-12-11 10:34:44,468] [F:\Python3.6\lib\site-packages\apscheduler\scheduler.py] [scheduler] [add_job] 288: Adding job tentatively -- it will be properly scheduled when the scheduler starts
[INFO] [2018-12-11 10:34:44,468] [F:\Python3.6\lib\site-packages\apscheduler\scheduler.py] [scheduler] [_real_add_job] 263: Added job "tsk (trigger: interval[0:01:00], next run at: 2018-12-11 10:35:44.468329)" to job store "default"
[INFO] [2018-12-11 10:34:44,468] [F:\Python3.6\lib\site-packages\apscheduler\scheduler.py] [scheduler] [_main_loop] 575: Scheduler started
[DEBUG] [2018-12-11 10:34:44,468] [F:\Python3.6\lib\site-packages\apscheduler\scheduler.py] [scheduler] [_main_loop] 580: Looking for jobs to run
[DEBUG] [2018-12-11 10:34:44,469] [F:\Python3.6\lib\site-packages\apscheduler\scheduler.py] [scheduler] [_main_loop] 589: Next wakeup is due at 2018-12-11 10:35:44.468329 (in 59.999000 seconds)
[INFO] [2018-12-11 10:34:48,756] [F:\Python3.6\lib\site-packages\apscheduler\scheduler.py] [scheduler] [add_job] 288: Adding job tentatively -- it will be properly scheduled when the scheduler starts
[INFO] [2018-12-11 10:34:48,757] [F:\Python3.6\lib\site-packages\apscheduler\scheduler.py] [scheduler] [_real_add_job] 263: Added job "tsk (trigger: interval[0:01:00], next run at: 2018-12-11 10:35:48.756873)" to job store "default"
[INFO] [2018-12-11 10:34:48,757] [F:\Python3.6\lib\site-packages\apscheduler\scheduler.py] [scheduler] [_main_loop] 575: Scheduler started
[DEBUG] [2018-12-11 10:34:48,757] [F:\Python3.6\lib\site-packages\apscheduler\scheduler.py] [scheduler] [_main_loop] 580: Looking for jobs to run
[DEBUG] [2018-12-11 10:34:48,757] [F:\Python3.6\lib\site-packages\apscheduler\scheduler.py] [scheduler] [_main_loop] 589: Next wakeup is due at 2018-12-11 10:35:48.756873 (in 59.999000 seconds)
[INFO] [2018-12-11 10:41:24,632] [F:\Python3.6\lib\site-packages\apscheduler\scheduler.py] [scheduler] [add_job] 288: Adding job tentatively -- it will be properly scheduled when the scheduler starts
[INFO] [2018-12-11 10:41:24,652] [F:\Python3.6\lib\site-packages\apscheduler\scheduler.py] [scheduler] [_real_add_job] 263: Added job "tsk (trigger: interval[0:01:00], next run at: 2018-12-11 10:42:24.632143)" to job store "default"
[INFO] [2018-12-11 10:41:24,653] [F:\Python3.6\lib\site-packages\apscheduler\scheduler.py] [scheduler] [_main_loop] 575: Scheduler started
[DEBUG] [2018-12-11 10:41:24,653] [F:\Python3.6\lib\site-packages\apscheduler\scheduler.py] [scheduler] [_main_loop] 580: Looking for jobs to run
[DEBUG] [2018-12-11 10:41:24,653] [F:\Python3.6\lib\site-packages\apscheduler\scheduler.py] [scheduler] [_main_loop] 589: Next wakeup is due at 2018-12-11 10:42:24.632143 (in 59.978997 seconds)
[INFO] [2018-12-11 10:41:57,507] [F:\Python3.6\lib\site-packages\apscheduler\scheduler.py] [scheduler] [add_job] 288: Adding job tentatively -- it will be properly scheduled when the scheduler starts
[INFO] [2018-12-11 10:41:57,507] [F:\Python3.6\lib\site-packages\apscheduler\scheduler.py] [scheduler] [_real_add_job] 263: Added job "tsk (trigger: interval[0:01:00], next run at: 2018-12-11 10:42:57.507317)" to job store "default"
[INFO] [2018-12-11 10:41:57,507] [F:\Python3.6\lib\site-packages\apscheduler\scheduler.py] [scheduler] [_main_loop] 575: Scheduler started
[DEBUG] [2018-12-11 10:41:57,508] [F:\Python3.6\lib\site-packages\apscheduler\scheduler.py] [scheduler] [_main_loop] 580: Looking for jobs to run
[DEBUG] [2018-12-11 10:41:57,508] [F:\Python3.6\lib\site-packages\apscheduler\scheduler.py] [scheduler] [_main_loop] 589: Next wakeup is due at 2018-12-11 10:42:57.507317 (in 59.998999 seconds)
[INFO] [2018-12-11 10:45:11,664] [F:\Python3.6\lib\site-packages\apscheduler\scheduler.py] [scheduler] [add_job] 288: Adding job tentatively -- it will be properly scheduled when the scheduler starts
[INFO] [2018-12-11 10:45:11,665] [F:\Python3.6\lib\site-packages\apscheduler\scheduler.py] [scheduler] [_real_add_job] 263: Added job "tsk (trigger: interval[0:01:00], next run at: 2018-12-11 10:46:11.664472)" to job store "default"
[INFO] [2018-12-11 10:45:11,665] [F:\Python3.6\lib\site-packages\apscheduler\scheduler.py] [scheduler] [_main_loop] 575: Scheduler started
[DEBUG] [2018-12-11 10:45:11,666] [F:\Python3.6\lib\site-packages\apscheduler\scheduler.py] [scheduler] [_main_loop] 580: Looking for jobs to run
[DEBUG] [2018-12-11 10:45:11,666] [F:\Python3.6\lib\site-packages\apscheduler\scheduler.py] [scheduler] [_main_loop] 589: Next wakeup is due at 2018-12-11 10:46:11.664472 (in 59.997999 seconds)
[INFO] [2018-12-11 10:45:17,009] [F:\Python3.6\lib\site-packages\apscheduler\scheduler.py] [scheduler] [add_job] 288: Adding job tentatively -- it will be properly scheduled when the scheduler starts
[INFO] [2018-12-11 10:45:17,009] [F:\Python3.6\lib\site-packages\apscheduler\scheduler.py] [scheduler] [_real_add_job] 263: Added job "tsk (trigger: interval[0:01:00], next run at: 2018-12-11 10:46:17.009651)" to job store "default"
[INFO] [2018-12-11 10:45:17,010] [F:\Python3.6\lib\site-packages\apscheduler\scheduler.py] [scheduler] [_main_loop] 575: Scheduler started
[DEBUG] [2018-12-11 10:45:17,010] [F:\Python3.6\lib\site-packages\apscheduler\scheduler.py] [scheduler] [_main_loop] 580: Looking for jobs to run
[DEBUG] [2018-12-11 10:45:17,010] [F:\Python3.6\lib\site-packages\apscheduler\scheduler.py] [scheduler] [_main_loop] 589: Next wakeup is due at 2018-12-11 10:46:17.009651 (in 59.999000 seconds)
[INFO] [2018-12-11 10:45:23,786] [F:\Python3.6\lib\site-packages\apscheduler\scheduler.py] [scheduler] [add_job] 288: Adding job tentatively -- it will be properly scheduled when the scheduler starts
[INFO] [2018-12-11 10:45:23,786] [F:\Python3.6\lib\site-packages\apscheduler\scheduler.py] [scheduler] [_real_add_job] 263: Added job "tsk (trigger: interval[0:01:00], next run at: 2018-12-11 10:46:23.786012)" to job store "default"
[INFO] [2018-12-11 10:45:23,787] [F:\Python3.6\lib\site-packages\apscheduler\scheduler.py] [scheduler] [_main_loop] 575: Scheduler started
[DEBUG] [2018-12-11 10:45:23,787] [F:\Python3.6\lib\site-packages\apscheduler\scheduler.py] [scheduler] [_main_loop] 580: Looking for jobs to run
[DEBUG] [2018-12-11 10:45:23,787] [F:\Python3.6\lib\site-packages\apscheduler\scheduler.py] [scheduler] [_main_loop] 589: Next wakeup is due at 2018-12-11 10:46:23.786012 (in 59.998500 seconds)
[INFO] [2018-12-11 10:45:34,874] [F:\Python3.6\lib\site-packages\apscheduler\scheduler.py] [scheduler] [add_job] 288: Adding job tentatively -- it will be properly scheduled when the scheduler starts
[INFO] [2018-12-11 10:45:34,875] [F:\Python3.6\lib\site-packages\apscheduler\scheduler.py] [scheduler] [_real_add_job] 263: Added job "tsk (trigger: interval[0:01:00], next run at: 2018-12-11 10:46:34.874920)" to job store "default"
[INFO] [2018-12-11 10:45:34,875] [F:\Python3.6\lib\site-packages\apscheduler\scheduler.py] [scheduler] [_main_loop] 575: Scheduler started
[DEBUG] [2018-12-11 10:45:34,876] [F:\Python3.6\lib\site-packages\apscheduler\scheduler.py] [scheduler] [_main_loop] 580: Looking for jobs to run
[DEBUG] [2018-12-11 10:45:34,876] [F:\Python3.6\lib\site-packages\apscheduler\scheduler.py] [scheduler] [_main_loop] 589: Next wakeup is due at 2018-12-11 10:46:34.874920 (in 59.998500 seconds)
[DEBUG] [2018-12-11 10:46:34,888] [F:\Python3.6\lib\site-packages\apscheduler\scheduler.py] [scheduler] [_main_loop] 580: Looking for jobs to run
[INFO] [2018-12-11 10:46:34,889] [F:\Python3.6\lib\site-packages\apscheduler\scheduler.py] [scheduler] [_run_job] 510: Running job "tsk (trigger: interval[0:01:00], next run at: 2018-12-11 10:46:34.874920)" (scheduled at 2018-12-11 10:46:34.874920)
[DEBUG] [2018-12-11 10:46:34,889] [F:\Python3.6\lib\site-packages\apscheduler\scheduler.py] [scheduler] [_main_loop] 589: Next wakeup is due at 2018-12-11 10:47:34.874920 (in 59.986380 seconds)
[INFO] [2018-12-11 10:46:34,889] [E:\pythontest\SHJPro\SHJ\views.py] [views] [tsk_up_comment] 139: 开始更新评论
[INFO] [2018-12-11 10:46:38,569] [E:\pythontest\SHJPro\SHJ\views.py] [views] [tsk_up_comment] 143: 更新评论结束
[INFO] [2018-12-11 10:46:38,570] [F:\Python3.6\lib\site-packages\apscheduler\scheduler.py] [scheduler] [_run_job] 528: Job "tsk (trigger: interval[0:01:00], next run at: 2018-12-11 10:47:34.874920)" executed successfully
[DEBUG] [2018-12-11 10:47:34,886] [F:\Python3.6\lib\site-packages\apscheduler\scheduler.py] [scheduler] [_main_loop] 580: Looking for jobs to run
[INFO] [2018-12-11 10:47:34,887] [F:\Python3.6\lib\site-packages\apscheduler\scheduler.py] [scheduler] [_run_job] 510: Running job "tsk (trigger: interval[0:01:00], next run at: 2018-12-11 10:47:34.874920)" (scheduled at 2018-12-11 10:47:34.874920)
[DEBUG] [2018-12-11 10:47:34,887] [F:\Python3.6\lib\site-packages\apscheduler\scheduler.py] [scheduler] [_main_loop] 589: Next wakeup is due at 2018-12-11 10:48:34.874920 (in 59.988261 seconds)
[INFO] [2018-12-11 10:47:34,887] [E:\pythontest\SHJPro\SHJ\views.py] [views] [tsk_up_comment] 139: 开始更新评论
[INFO] [2018-12-11 10:47:38,349] [E:\pythontest\SHJPro\SHJ\views.py] [views] [tsk_up_comment] 143: 更新评论结束
[INFO] [2018-12-11 10:47:38,349] [F:\Python3.6\lib\site-packages\apscheduler\scheduler.py] [scheduler] [_run_job] 528: Job "tsk (trigger: interval[0:01:00], next run at: 2018-12-11 10:48:34.874920)" executed successfully
[DEBUG] [2018-12-11 10:48:34,890] [F:\Python3.6\lib\site-packages\apscheduler\scheduler.py] [scheduler] [_main_loop] 580: Looking for jobs to run
[INFO] [2018-12-11 10:48:34,891] [F:\Python3.6\lib\site-packages\apscheduler\scheduler.py] [scheduler] [_run_job] 510: Running job "tsk (trigger: interval[0:01:00], next run at: 2018-12-11 10:48:34.874920)" (scheduled at 2018-12-11 10:48:34.874920)
[DEBUG] [2018-12-11 10:48:34,891] [F:\Python3.6\lib\site-packages\apscheduler\scheduler.py] [scheduler] [_main_loop] 589: Next wakeup is due at 2018-12-11 10:49:34.874920 (in 59.983641 seconds)
[INFO] [2018-12-11 10:48:34,891] [E:\pythontest\SHJPro\SHJ\views.py] [views] [tsk_up_comment] 139: 开始更新评论
[INFO] [2018-12-11 10:48:38,111] [E:\pythontest\SHJPro\SHJ\views.py] [views] [tsk_up_comment] 143: 更新评论结束
[INFO] [2018-12-11 10:48:38,111] [F:\Python3.6\lib\site-packages\apscheduler\scheduler.py] [scheduler] [_run_job] 528: Job "tsk (trigger: interval[0:01:00], next run at: 2018-12-11 10:49:34.874920)" executed successfully
[DEBUG] [2018-12-11 10:49:34,883] [F:\Python3.6\lib\site-packages\apscheduler\scheduler.py] [scheduler] [_main_loop] 580: Looking for jobs to run
[INFO] [2018-12-11 10:49:34,884] [F:\Python3.6\lib\site-packages\apscheduler\scheduler.py] [scheduler] [_run_job] 510: Running job "tsk (trigger: interval[0:01:00], next run at: 2018-12-11 10:49:34.874920)" (scheduled at 2018-12-11 10:49:34.874920)
[DEBUG] [2018-12-11 10:49:34,884] [F:\Python3.6\lib\site-packages\apscheduler\scheduler.py] [scheduler] [_main_loop] 589: Next wakeup is due at 2018-12-11 10:50:34.874920 (in 59.991023 seconds)
[INFO] [2018-12-11 10:49:34,884] [E:\pythontest\SHJPro\SHJ\views.py] [views] [tsk_up_comment] 139: 开始更新评论
[INFO] [2018-12-11 10:49:38,241] [E:\pythontest\SHJPro\SHJ\views.py] [views] [tsk_up_comment] 143: 更新评论结束
[INFO] [2018-12-11 10:49:38,241] [F:\Python3.6\lib\site-packages\apscheduler\scheduler.py] [scheduler] [_run_job] 528: Job "tsk (trigger: interval[0:01:00], next run at: 2018-12-11 10:50:34.874920)" executed successfully
[DEBUG] [2018-12-11 10:50:34,887] [F:\Python3.6\lib\site-packages\apscheduler\scheduler.py] [scheduler] [_main_loop] 580: Looking for jobs to run
[INFO] [2018-12-11 10:50:34,887] [F:\Python3.6\lib\site-packages\apscheduler\scheduler.py] [scheduler] [_run_job] 510: Running job "tsk (trigger: interval[0:01:00], next run at: 2018-12-11 10:50:34.874920)" (scheduled at 2018-12-11 10:50:34.874920)
[DEBUG] [2018-12-11 10:50:34,888] [F:\Python3.6\lib\site-packages\apscheduler\scheduler.py] [scheduler] [_main_loop] 589: Next wakeup is due at 2018-12-11 10:51:34.874920 (in 59.987904 seconds)
[INFO] [2018-12-11 10:50:34,888] [E:\pythontest\SHJPro\SHJ\views.py] [views] [tsk_up_comment] 139: 开始更新评论
[INFO] [2018-12-11 10:50:38,399] [E:\pythontest\SHJPro\SHJ\views.py] [views] [tsk_up_comment] 143: 更新评论结束
[INFO] [2018-12-11 10:50:38,399] [F:\Python3.6\lib\site-packages\apscheduler\scheduler.py] [scheduler] [_run_job] 528: Job "tsk (trigger: interval[0:01:00], next run at: 2018-12-11 10:51:34.874920)" executed successfully
[DEBUG] [2018-12-11 10:51:34,888] [F:\Python3.6\lib\site-packages\apscheduler\scheduler.py] [scheduler] [_main_loop] 580: Looking for jobs to run
[INFO] [2018-12-11 10:51:34,891] [F:\Python3.6\lib\site-packages\apscheduler\scheduler.py] [scheduler] [_run_job] 510: Running job "tsk (trigger: interval[0:01:00], next run at: 2018-12-11 10:51:34.874920)" (scheduled at 2018-12-11 10:51:34.874920)
[DEBUG] [2018-12-11 10:51:34,891] [F:\Python3.6\lib\site-packages\apscheduler\scheduler.py] [scheduler] [_main_loop] 589: Next wakeup is due at 2018-12-11 10:52:34.874920 (in 59.985784 seconds)
[INFO] [2018-12-11 10:51:34,891] [E:\pythontest\SHJPro\SHJ\views.py] [views] [tsk_up_comment] 139: 开始更新评论
[INFO] [2018-12-11 10:51:38,084] [E:\pythontest\SHJPro\SHJ\views.py] [views] [tsk_up_comment] 143: 更新评论结束
[INFO] [2018-12-11 10:51:38,084] [F:\Python3.6\lib\site-packages\apscheduler\scheduler.py] [scheduler] [_run_job] 528: Job "tsk (trigger: interval[0:01:00], next run at: 2018-12-11 10:52:34.874920)" executed successfully
[DEBUG] [2018-12-11 10:52:34,877] [F:\Python3.6\lib\site-packages\apscheduler\scheduler.py] [scheduler] [_main_loop] 580: Looking for jobs to run
[INFO] [2018-12-11 10:52:34,878] [F:\Python3.6\lib\site-packages\apscheduler\scheduler.py] [scheduler] [_run_job] 510: Running job "tsk (trigger: interval[0:01:00], next run at: 2018-12-11 10:52:34.874920)" (scheduled at 2018-12-11 10:52:34.874920)
[DEBUG] [2018-12-11 10:52:34,878] [F:\Python3.6\lib\site-packages\apscheduler\scheduler.py] [scheduler] [_main_loop] 589: Next wakeup is due at 2018-12-11 10:53:34.874920 (in 59.996667 seconds)
[INFO] [2018-12-11 10:52:34,878] [E:\pythontest\SHJPro\SHJ\views.py] [views] [tsk_up_comment] 139: 开始更新评论
[INFO] [2018-12-11 10:52:38,398] [E:\pythontest\SHJPro\SHJ\views.py] [views] [tsk_up_comment] 143: 更新评论结束
[INFO] [2018-12-11 10:52:38,398] [F:\Python3.6\lib\site-packages\apscheduler\scheduler.py] [scheduler] [_run_job] 528: Job "tsk (trigger: interval[0:01:00], next run at: 2018-12-11 10:53:34.874920)" executed successfully
[DEBUG] [2018-12-11 10:53:34,876] [F:\Python3.6\lib\site-packages\apscheduler\scheduler.py] [scheduler] [_main_loop] 580: Looking for jobs to run
[INFO] [2018-12-11 10:53:34,876] [F:\Python3.6\lib\site-packages\apscheduler\scheduler.py] [scheduler] [_run_job] 510: Running job "tsk (trigger: interval[0:01:00], next run at: 2018-12-11 10:53:34.874920)" (scheduled at 2018-12-11 10:53:34.874920)
[INFO] [2018-12-11 10:53:34,877] [E:\pythontest\SHJPro\SHJ\views.py] [views] [tsk_up_comment] 139: 开始更新评论
[DEBUG] [2018-12-11 10:53:34,877] [F:\Python3.6\lib\site-packages\apscheduler\scheduler.py] [scheduler] [_main_loop] 589: Next wakeup is due at 2018-12-11 10:54:34.874920 (in 59.998048 seconds)
[INFO] [2018-12-11 10:53:38,280] [E:\pythontest\SHJPro\SHJ\views.py] [views] [tsk_up_comment] 143: 更新评论结束
[INFO] [2018-12-11 10:53:38,281] [F:\Python3.6\lib\site-packages\apscheduler\scheduler.py] [scheduler] [_run_job] 528: Job "tsk (trigger: interval[0:01:00], next run at: 2018-12-11 10:54:34.874920)" executed successfully
[DEBUG] [2018-12-11 10:54:34,887] [F:\Python3.6\lib\site-packages\apscheduler\scheduler.py] [scheduler] [_main_loop] 580: Looking for jobs to run
[INFO] [2018-12-11 10:54:34,888] [F:\Python3.6\lib\site-packages\apscheduler\scheduler.py] [scheduler] [_run_job] 510: Running job "tsk (trigger: interval[0:01:00], next run at: 2018-12-11 10:54:34.874920)" (scheduled at 2018-12-11 10:54:34.874920)
[DEBUG] [2018-12-11 10:54:34,888] [F:\Python3.6\lib\site-packages\apscheduler\scheduler.py] [scheduler] [_main_loop] 589: Next wakeup is due at 2018-12-11 10:55:34.874920 (in 59.986427 seconds)
[INFO] [2018-12-11 10:54:34,888] [E:\pythontest\SHJPro\SHJ\views.py] [views] [tsk_up_comment] 139: 开始更新评论
[INFO] [2018-12-11 10:54:38,403] [E:\pythontest\SHJPro\SHJ\views.py] [views] [tsk_up_comment] 143: 更新评论结束
[INFO] [2018-12-11 10:54:38,403] [F:\Python3.6\lib\site-packages\apscheduler\scheduler.py] [scheduler] [_run_job] 528: Job "tsk (trigger: interval[0:01:00], next run at: 2018-12-11 10:55:34.874920)" executed successfully
[DEBUG] [2018-12-11 10:55:34,886] [F:\Python3.6\lib\site-packages\apscheduler\scheduler.py] [scheduler] [_main_loop] 580: Looking for jobs to run
[INFO] [2018-12-11 10:55:34,886] [F:\Python3.6\lib\site-packages\apscheduler\scheduler.py] [scheduler] [_run_job] 510: Running job "tsk (trigger: interval[0:01:00], next run at: 2018-12-11 10:55:34.874920)" (scheduled at 2018-12-11 10:55:34.874920)
[INFO] [2018-12-11 10:55:34,887] [E:\pythontest\SHJPro\SHJ\views.py] [views] [tsk_up_comment] 139: 开始更新评论
[DEBUG] [2018-12-11 10:55:34,888] [F:\Python3.6\lib\site-packages\apscheduler\scheduler.py] [scheduler] [_main_loop] 589: Next wakeup is due at 2018-12-11 10:56:34.874920 (in 59.988809 seconds)
[INFO] [2018-12-11 10:55:38,476] [E:\pythontest\SHJPro\SHJ\views.py] [views] [tsk_up_comment] 143: 更新评论结束
[INFO] [2018-12-11 10:55:38,476] [F:\Python3.6\lib\site-packages\apscheduler\scheduler.py] [scheduler] [_run_job] 528: Job "tsk (trigger: interval[0:01:00], next run at: 2018-12-11 10:56:34.874920)" executed successfully
[DEBUG] [2018-12-11 10:56:34,884] [F:\Python3.6\lib\site-packages\apscheduler\scheduler.py] [scheduler] [_main_loop] 580: Looking for jobs to run
[INFO] [2018-12-11 10:56:34,885] [F:\Python3.6\lib\site-packages\apscheduler\scheduler.py] [scheduler] [_run_job] 510: Running job "tsk (trigger: interval[0:01:00], next run at: 2018-12-11 10:56:34.874920)" (scheduled at 2018-12-11 10:56:34.874920)
[DEBUG] [2018-12-11 10:56:34,886] [F:\Python3.6\lib\site-packages\apscheduler\scheduler.py] [scheduler] [_main_loop] 589: Next wakeup is due at 2018-12-11 10:57:34.874920 (in 59.989690 seconds)
[INFO] [2018-12-11 10:56:34,886] [E:\pythontest\SHJPro\SHJ\views.py] [views] [tsk_up_comment] 139: 开始更新评论
[INFO] [2018-12-11 10:56:38,089] [E:\pythontest\SHJPro\SHJ\views.py] [views] [tsk_up_comment] 143: 更新评论结束
[INFO] [2018-12-11 10:56:38,089] [F:\Python3.6\lib\site-packages\apscheduler\scheduler.py] [scheduler] [_run_job] 528: Job "tsk (trigger: interval[0:01:00], next run at: 2018-12-11 10:57:34.874920)" executed successfully
[DEBUG] [2018-12-11 10:57:34,884] [F:\Python3.6\lib\site-packages\apscheduler\scheduler.py] [scheduler] [_main_loop] 580: Looking for jobs to run
[INFO] [2018-12-11 10:57:34,885] [F:\Python3.6\lib\site-packages\apscheduler\scheduler.py] [scheduler] [_run_job] 510: Running job "tsk (trigger: interval[0:01:00], next run at: 2018-12-11 10:57:34.874920)" (scheduled at 2018-12-11 10:57:34.874920)
[INFO] [2018-12-11 10:57:34,885] [E:\pythontest\SHJPro\SHJ\views.py] [views] [tsk_up_comment] 139: 开始更新评论
[DEBUG] [2018-12-11 10:57:34,885] [F:\Python3.6\lib\site-packages\apscheduler\scheduler.py] [scheduler] [_main_loop] 589: Next wakeup is due at 2018-12-11 10:58:34.874920 (in 59.990071 seconds)
[INFO] [2018-12-11 10:57:38,443] [E:\pythontest\SHJPro\SHJ\views.py] [views] [tsk_up_comment] 143: 更新评论结束
[INFO] [2018-12-11 10:57:38,444] [F:\Python3.6\lib\site-packages\apscheduler\scheduler.py] [scheduler] [_run_job] 528: Job "tsk (trigger: interval[0:01:00], next run at: 2018-12-11 10:58:34.874920)" executed successfully
[DEBUG] [2018-12-11 10:58:34,886] [F:\Python3.6\lib\site-packages\apscheduler\scheduler.py] [scheduler] [_main_loop] 580: Looking for jobs to run
[INFO] [2018-12-11 10:58:34,886] [F:\Python3.6\lib\site-packages\apscheduler\scheduler.py] [scheduler] [_run_job] 510: Running job "tsk (trigger: interval[0:01:00], next run at: 2018-12-11 10:58:34.874920)" (scheduled at 2018-12-11 10:58:34.874920)
[DEBUG] [2018-12-11 10:58:34,887] [F:\Python3.6\lib\site-packages\apscheduler\scheduler.py] [scheduler] [_main_loop] 589: Next wakeup is due at 2018-12-11 10:59:34.874920 (in 59.987951 seconds)
[INFO] [2018-12-11 10:58:34,887] [E:\pythontest\SHJPro\SHJ\views.py] [views] [tsk_up_comment] 139: 开始更新评论
[INFO] [2018-12-11 10:58:38,390] [E:\pythontest\SHJPro\SHJ\views.py] [views] [tsk_up_comment] 143: 更新评论结束
[INFO] [2018-12-11 10:58:38,390] [F:\Python3.6\lib\site-packages\apscheduler\scheduler.py] [scheduler] [_run_job] 528: Job "tsk (trigger: interval[0:01:00], next run at: 2018-12-11 10:59:34.874920)" executed successfully
[DEBUG] [2018-12-11 10:59:34,881] [F:\Python3.6\lib\site-packages\apscheduler\scheduler.py] [scheduler] [_main_loop] 580: Looking for jobs to run
[INFO] [2018-12-11 10:59:34,882] [F:\Python3.6\lib\site-packages\apscheduler\scheduler.py] [scheduler] [_run_job] 510: Running job "tsk (trigger: interval[0:01:00], next run at: 2018-12-11 10:59:34.874920)" (scheduled at 2018-12-11 10:59:34.874920)
[DEBUG] [2018-12-11 10:59:34,882] [F:\Python3.6\lib\site-packages\apscheduler\scheduler.py] [scheduler] [_main_loop] 589: Next wakeup is due at 2018-12-11 11:00:34.874920 (in 59.992833 seconds)
[INFO] [2018-12-11 10:59:34,882] [E:\pythontest\SHJPro\SHJ\views.py] [views] [tsk_up_comment] 139: 开始更新评论
[INFO] [2018-12-11 10:59:38,186] [E:\pythontest\SHJPro\SHJ\views.py] [views] [tsk_up_comment] 143: 更新评论结束
[INFO] [2018-12-11 10:59:38,187] [F:\Python3.6\lib\site-packages\apscheduler\scheduler.py] [scheduler] [_run_job] 528: Job "tsk (trigger: interval[0:01:00], next run at: 2018-12-11 11:00:34.874920)" executed successfully
[DEBUG] [2018-12-11 11:00:34,875] [F:\Python3.6\lib\site-packages\apscheduler\scheduler.py] [scheduler] [_main_loop] 580: Looking for jobs to run
[INFO] [2018-12-11 11:00:34,877] [F:\Python3.6\lib\site-packages\apscheduler\scheduler.py] [scheduler] [_run_job] 510: Running job "tsk (trigger: interval[0:01:00], next run at: 2018-12-11 11:00:34.874920)" (scheduled at 2018-12-11 11:00:34.874920)
[DEBUG] [2018-12-11 11:00:34,877] [F:\Python3.6\lib\site-packages\apscheduler\scheduler.py] [scheduler] [_main_loop] 589: Next wakeup is due at 2018-12-11 11:01:34.874920 (in 59.998715 seconds)
[INFO] [2018-12-11 11:00:34,877] [E:\pythontest\SHJPro\SHJ\views.py] [views] [tsk_up_comment] 139: 开始更新评论
[INFO] [2018-12-11 11:00:41,206] [E:\pythontest\SHJPro\SHJ\views.py] [views] [tsk_up_comment] 143: 更新评论结束
[INFO] [2018-12-11 11:00:41,207] [F:\Python3.6\lib\site-packages\apscheduler\scheduler.py] [scheduler] [_run_job] 528: Job "tsk (trigger: interval[0:01:00], next run at: 2018-12-11 11:01:34.874920)" executed successfully
[DEBUG] [2018-12-11 11:01:34,889] [F:\Python3.6\lib\site-packages\apscheduler\scheduler.py] [scheduler] [_main_loop] 580: Looking for jobs to run
[INFO] [2018-12-11 11:01:34,890] [F:\Python3.6\lib\site-packages\apscheduler\scheduler.py] [scheduler] [_run_job] 510: Running job "tsk (trigger: interval[0:01:00], next run at: 2018-12-11 11:01:34.874920)" (scheduled at 2018-12-11 11:01:34.874920)
[DEBUG] [2018-12-11 11:01:34,890] [F:\Python3.6\lib\site-packages\apscheduler\scheduler.py] [scheduler] [_main_loop] 589: Next wakeup is due at 2018-12-11 11:02:34.874920 (in 59.985594 seconds)
[INFO] [2018-12-11 11:01:34,890] [E:\pythontest\SHJPro\SHJ\views.py] [views] [tsk_up_comment] 139: 开始更新评论
[INFO] [2018-12-11 11:01:40,008] [E:\pythontest\SHJPro\SHJ\views.py] [views] [tsk_up_comment] 143: 更新评论结束
[INFO] [2018-12-11 11:01:40,008] [F:\Python3.6\lib\site-packages\apscheduler\scheduler.py] [scheduler] [_run_job] 528: Job "tsk (trigger: interval[0:01:00], next run at: 2018-12-11 11:02:34.874920)" executed successfully
[DEBUG] [2018-12-11 11:02:34,888] [F:\Python3.6\lib\site-packages\apscheduler\scheduler.py] [scheduler] [_main_loop] 580: Looking for jobs to run
[INFO] [2018-12-11 11:02:34,889] [F:\Python3.6\lib\site-packages\apscheduler\scheduler.py] [scheduler] [_run_job] 510: Running job "tsk (trigger: interval[0:01:00], next run at: 2018-12-11 11:02:34.874920)" (scheduled at 2018-12-11 11:02:34.874920)
[DEBUG] [2018-12-11 11:02:34,889] [F:\Python3.6\lib\site-packages\apscheduler\scheduler.py] [scheduler] [_main_loop] 589: Next wakeup is due at 2018-12-11 11:03:34.874920 (in 59.985975 seconds)
[INFO] [2018-12-11 11:02:34,889] [E:\pythontest\SHJPro\SHJ\views.py] [views] [tsk_up_comment] 139: 开始更新评论
[INFO] [2018-12-11 11:02:38,116] [E:\pythontest\SHJPro\SHJ\views.py] [views] [tsk_up_comment] 143: 更新评论结束
[INFO] [2018-12-11 11:02:38,116] [F:\Python3.6\lib\site-packages\apscheduler\scheduler.py] [scheduler] [_run_job] 528: Job "tsk (trigger: interval[0:01:00], next run at: 2018-12-11 11:03:34.874920)" executed successfully
[DEBUG] [2018-12-11 11:03:34,887] [F:\Python3.6\lib\site-packages\apscheduler\scheduler.py] [scheduler] [_main_loop] 580: Looking for jobs to run
[INFO] [2018-12-11 11:03:34,888] [F:\Python3.6\lib\site-packages\apscheduler\scheduler.py] [scheduler] [_run_job] 510: Running job "tsk (trigger: interval[0:01:00], next run at: 2018-12-11 11:03:34.874920)" (scheduled at 2018-12-11 11:03:34.874920)
[DEBUG] [2018-12-11 11:03:34,888] [F:\Python3.6\lib\site-packages\apscheduler\scheduler.py] [scheduler] [_main_loop] 589: Next wakeup is due at 2018-12-11 11:04:34.874920 (in 59.987356 seconds)
[INFO] [2018-12-11 11:03:34,888] [E:\pythontest\SHJPro\SHJ\views.py] [views] [tsk_up_comment] 139: 开始更新评论
[INFO] [2018-12-11 11:03:38,279] [E:\pythontest\SHJPro\SHJ\views.py] [views] [tsk_up_comment] 143: 更新评论结束
[INFO] [2018-12-11 11:03:38,279] [F:\Python3.6\lib\site-packages\apscheduler\scheduler.py] [scheduler] [_run_job] 528: Job "tsk (trigger: interval[0:01:00], next run at: 2018-12-11 11:04:34.874920)" executed successfully
[DEBUG] [2018-12-11 11:04:34,888] [F:\Python3.6\lib\site-packages\apscheduler\scheduler.py] [scheduler] [_main_loop] 580: Looking for jobs to run
[INFO] [2018-12-11 11:04:34,889] [F:\Python3.6\lib\site-packages\apscheduler\scheduler.py] [scheduler] [_run_job] 510: Running job "tsk (trigger: interval[0:01:00], next run at: 2018-12-11 11:04:34.874920)" (scheduled at 2018-12-11 11:04:34.874920)
[DEBUG] [2018-12-11 11:04:34,889] [F:\Python3.6\lib\site-packages\apscheduler\scheduler.py] [scheduler] [_main_loop] 589: Next wakeup is due at 2018-12-11 11:05:34.874920 (in 59.985737 seconds)
[INFO] [2018-12-11 11:04:34,889] [E:\pythontest\SHJPro\SHJ\views.py] [views] [tsk_up_comment] 139: 开始更新评论
[INFO] [2018-12-11 11:04:38,492] [E:\pythontest\SHJPro\SHJ\views.py] [views] [tsk_up_comment] 143: 更新评论结束
[INFO] [2018-12-11 11:04:38,492] [F:\Python3.6\lib\site-packages\apscheduler\scheduler.py] [scheduler] [_run_job] 528: Job "tsk (trigger: interval[0:01:00], next run at: 2018-12-11 11:05:34.874920)" executed successfully
[DEBUG] [2018-12-11 11:05:34,883] [F:\Python3.6\lib\site-packages\apscheduler\scheduler.py] [scheduler] [_main_loop] 580: Looking for jobs to run
[INFO] [2018-12-11 11:05:34,885] [F:\Python3.6\lib\site-packages\apscheduler\scheduler.py] [scheduler] [_run_job] 510: Running job "tsk (trigger: interval[0:01:00], next run at: 2018-12-11 11:05:34.874920)" (scheduled at 2018-12-11 11:05:34.874920)
[DEBUG] [2018-12-11 11:05:34,885] [F:\Python3.6\lib\site-packages\apscheduler\scheduler.py] [scheduler] [_main_loop] 589: Next wakeup is due at 2018-12-11 11:06:34.874920 (in 59.990118 seconds)
[INFO] [2018-12-11 11:05:34,885] [E:\pythontest\SHJPro\SHJ\views.py] [views] [tsk_up_comment] 139: 开始更新评论
[INFO] [2018-12-11 11:05:38,630] [E:\pythontest\SHJPro\SHJ\views.py] [views] [tsk_up_comment] 143: 更新评论结束
[INFO] [2018-12-11 11:05:38,630] [F:\Python3.6\lib\site-packages\apscheduler\scheduler.py] [scheduler] [_run_job] 528: Job "tsk (trigger: interval[0:01:00], next run at: 2018-12-11 11:06:34.874920)" executed successfully
[DEBUG] [2018-12-11 11:06:34,885] [F:\Python3.6\lib\site-packages\apscheduler\scheduler.py] [scheduler] [_main_loop] 580: Looking for jobs to run
[INFO] [2018-12-11 11:06:34,886] [F:\Python3.6\lib\site-packages\apscheduler\scheduler.py] [scheduler] [_run_job] 510: Running job "tsk (trigger: interval[0:01:00], next run at: 2018-12-11 11:06:34.874920)" (scheduled at 2018-12-11 11:06:34.874920)
[DEBUG] [2018-12-11 11:06:34,886] [F:\Python3.6\lib\site-packages\apscheduler\scheduler.py] [scheduler] [_main_loop] 589: Next wakeup is due at 2018-12-11 11:07:34.874920 (in 59.988999 seconds)
[INFO] [2018-12-11 11:06:34,886] [E:\pythontest\SHJPro\SHJ\views.py] [views] [tsk_up_comment] 139: 开始更新评论
[INFO] [2018-12-11 11:06:38,034] [E:\pythontest\SHJPro\SHJ\views.py] [views] [tsk_up_comment] 143: 更新评论结束
[INFO] [2018-12-11 11:06:38,034] [F:\Python3.6\lib\site-packages\apscheduler\scheduler.py] [scheduler] [_run_job] 528: Job "tsk (trigger: interval[0:01:00], next run at: 2018-12-11 11:07:34.874920)" executed successfully
[DEBUG] [2018-12-11 11:07:34,883] [F:\Python3.6\lib\site-packages\apscheduler\scheduler.py] [scheduler] [_main_loop] 580: Looking for jobs to run
[INFO] [2018-12-11 11:07:34,885] [F:\Python3.6\lib\site-packages\apscheduler\scheduler.py] [scheduler] [_run_job] 510: Running job "tsk (trigger: interval[0:01:00], next run at: 2018-12-11 11:07:34.874920)" (scheduled at 2018-12-11 11:07:34.874920)
[DEBUG] [2018-12-11 11:07:34,885] [F:\Python3.6\lib\site-packages\apscheduler\scheduler.py] [scheduler] [_main_loop] 589: Next wakeup is due at 2018-12-11 11:08:34.874920 (in 59.991381 seconds)
[INFO] [2018-12-11 11:07:34,885] [E:\pythontest\SHJPro\SHJ\views.py] [views] [tsk_up_comment] 139: 开始更新评论
[INFO] [2018-12-11 11:07:38,347] [E:\pythontest\SHJPro\SHJ\views.py] [views] [tsk_up_comment] 143: 更新评论结束
[INFO] [2018-12-11 11:07:38,347] [F:\Python3.6\lib\site-packages\apscheduler\scheduler.py] [scheduler] [_run_job] 528: Job "tsk (trigger: interval[0:01:00], next run at: 2018-12-11 11:08:34.874920)" executed successfully
[DEBUG] [2018-12-11 11:08:34,877] [F:\Python3.6\lib\site-packages\apscheduler\scheduler.py] [scheduler] [_main_loop] 580: Looking for jobs to run
[INFO] [2018-12-11 11:08:34,878] [F:\Python3.6\lib\site-packages\apscheduler\scheduler.py] [scheduler] [_run_job] 510: Running job "tsk (trigger: interval[0:01:00], next run at: 2018-12-11 11:08:34.874920)" (scheduled at 2018-12-11 11:08:34.874920)
[DEBUG] [2018-12-11 11:08:34,878] [F:\Python3.6\lib\site-packages\apscheduler\scheduler.py] [scheduler] [_main_loop] 589: Next wakeup is due at 2018-12-11 11:09:34.874920 (in 59.996762 seconds)
[INFO] [2018-12-11 11:08:34,878] [E:\pythontest\SHJPro\SHJ\views.py] [views] [tsk_up_comment] 139: 开始更新评论
[INFO] [2018-12-11 11:08:38,235] [E:\pythontest\SHJPro\SHJ\views.py] [views] [tsk_up_comment] 143: 更新评论结束
[INFO] [2018-12-11 11:08:38,236] [F:\Python3.6\lib\site-packages\apscheduler\scheduler.py] [scheduler] [_run_job] 528: Job "tsk (trigger: interval[0:01:00], next run at: 2018-12-11 11:09:34.874920)" executed successfully
[DEBUG] [2018-12-11 11:09:34,878] [F:\Python3.6\lib\site-packages\apscheduler\scheduler.py] [scheduler] [_main_loop] 580: Looking for jobs to run
[INFO] [2018-12-11 11:09:34,880] [F:\Python3.6\lib\site-packages\apscheduler\scheduler.py] [scheduler] [_run_job] 510: Running job "tsk (trigger: interval[0:01:00], next run at: 2018-12-11 11:09:34.874920)" (scheduled at 2018-12-11 11:09:34.874920)
[DEBUG] [2018-12-11 11:09:34,880] [F:\Python3.6\lib\site-packages\apscheduler\scheduler.py] [scheduler] [_main_loop] 589: Next wakeup is due at 2018-12-11 11:10:34.874920 (in 59.996643 seconds)
[INFO] [2018-12-11 11:09:34,880] [E:\pythontest\SHJPro\SHJ\views.py] [views] [tsk_up_comment] 139: 开始更新评论
[INFO] [2018-12-11 11:09:38,206] [E:\pythontest\SHJPro\SHJ\views.py] [views] [tsk_up_comment] 143: 更新评论结束
[INFO] [2018-12-11 11:09:38,206] [F:\Python3.6\lib\site-packages\apscheduler\scheduler.py] [scheduler] [_run_job] 528: Job "tsk (trigger: interval[0:01:00], next run at: 2018-12-11 11:10:34.874920)" executed successfully
[DEBUG] [2018-12-11 11:10:34,877] [F:\Python3.6\lib\site-packages\apscheduler\scheduler.py] [scheduler] [_main_loop] 580: Looking for jobs to run
[INFO] [2018-12-11 11:10:34,878] [F:\Python3.6\lib\site-packages\apscheduler\scheduler.py] [scheduler] [_run_job] 510: Running job "tsk (trigger: interval[0:01:00], next run at: 2018-12-11 11:10:34.874920)" (scheduled at 2018-12-11 11:10:34.874920)
[DEBUG] [2018-12-11 11:10:34,878] [F:\Python3.6\lib\site-packages\apscheduler\scheduler.py] [scheduler] [_main_loop] 589: Next wakeup is due at 2018-12-11 11:11:34.874920 (in 59.997024 seconds)
[INFO] [2018-12-11 11:10:34,878] [E:\pythontest\SHJPro\SHJ\views.py] [views] [tsk_up_comment] 139: 开始更新评论
[INFO] [2018-12-11 11:10:38,419] [E:\pythontest\SHJPro\SHJ\views.py] [views] [tsk_up_comment] 143: 更新评论结束
[INFO] [2018-12-11 11:10:38,419] [F:\Python3.6\lib\site-packages\apscheduler\scheduler.py] [scheduler] [_run_job] 528: Job "tsk (trigger: interval[0:01:00], next run at: 2018-12-11 11:11:34.874920)" executed successfully
[DEBUG] [2018-12-11 11:11:34,895] [F:\Python3.6\lib\site-packages\apscheduler\scheduler.py] [scheduler] [_main_loop] 580: Looking for jobs to run
[INFO] [2018-12-11 11:11:34,896] [F:\Python3.6\lib\site-packages\apscheduler\scheduler.py] [scheduler] [_run_job] 510: Running job "tsk (trigger: interval[0:01:00], next run at: 2018-12-11 11:11:34.874920)" (scheduled at 2018-12-11 11:11:34.874920)
[INFO] [2018-12-11 11:11:34,896] [E:\pythontest\SHJPro\SHJ\views.py] [views] [tsk_up_comment] 139: 开始更新评论
[DEBUG] [2018-12-11 11:11:34,902] [F:\Python3.6\lib\site-packages\apscheduler\scheduler.py] [scheduler] [_main_loop] 589: Next wakeup is due at 2018-12-11 11:12:34.874920 (in 59.979903 seconds)
[INFO] [2018-12-11 11:11:38,544] [E:\pythontest\SHJPro\SHJ\views.py] [views] [tsk_up_comment] 143: 更新评论结束
[INFO] [2018-12-11 11:11:38,544] [F:\Python3.6\lib\site-packages\apscheduler\scheduler.py] [scheduler] [_run_job] 528: Job "tsk (trigger: interval[0:01:00], next run at: 2018-12-11 11:12:34.874920)" executed successfully
[DEBUG] [2018-12-11 11:12:34,883] [F:\Python3.6\lib\site-packages\apscheduler\scheduler.py] [scheduler] [_main_loop] 580: Looking for jobs to run
[INFO] [2018-12-11 11:12:34,885] [F:\Python3.6\lib\site-packages\apscheduler\scheduler.py] [scheduler] [_run_job] 510: Running job "tsk (trigger: interval[0:01:00], next run at: 2018-12-11 11:12:34.874920)" (scheduled at 2018-12-11 11:12:34.874920)
[INFO] [2018-12-11 11:12:34,885] [E:\pythontest\SHJPro\SHJ\views.py] [views] [tsk_up_comment] 139: 开始更新评论
[DEBUG] [2018-12-11 11:12:34,885] [F:\Python3.6\lib\site-packages\apscheduler\scheduler.py] [scheduler] [_main_loop] 589: Next wakeup is due at 2018-12-11 11:13:34.874920 (in 59.990785 seconds)
[INFO] [2018-12-11 11:12:38,078] [E:\pythontest\SHJPro\SHJ\views.py] [views] [tsk_up_comment] 143: 更新评论结束
[INFO] [2018-12-11 11:12:38,079] [F:\Python3.6\lib\site-packages\apscheduler\scheduler.py] [scheduler] [_run_job] 528: Job "tsk (trigger: interval[0:01:00], next run at: 2018-12-11 11:13:34.874920)" executed successfully
[DEBUG] [2018-12-11 11:13:34,886] [F:\Python3.6\lib\site-packages\apscheduler\scheduler.py] [scheduler] [_main_loop] 580: Looking for jobs to run
[INFO] [2018-12-11 11:13:34,886] [F:\Python3.6\lib\site-packages\apscheduler\scheduler.py] [scheduler] [_run_job] 510: Running job "tsk (trigger: interval[0:01:00], next run at: 2018-12-11 11:13:34.874920)" (scheduled at 2018-12-11 11:13:34.874920)
[DEBUG] [2018-12-11 11:13:34,887] [F:\Python3.6\lib\site-packages\apscheduler\scheduler.py] [scheduler] [_main_loop] 589: Next wakeup is due at 2018-12-11 11:14:34.874920 (in 59.988666 seconds)
[INFO] [2018-12-11 11:13:34,887] [E:\pythontest\SHJPro\SHJ\views.py] [views] [tsk_up_comment] 139: 开始更新评论
[INFO] [2018-12-11 11:13:39,161] [E:\pythontest\SHJPro\SHJ\views.py] [views] [tsk_up_comment] 143: 更新评论结束
[INFO] [2018-12-11 11:13:39,162] [F:\Python3.6\lib\site-packages\apscheduler\scheduler.py] [scheduler] [_run_job] 528: Job "tsk (trigger: interval[0:01:00], next run at: 2018-12-11 11:14:34.874920)" executed successfully
[DEBUG] [2018-12-11 11:14:34,880] [F:\Python3.6\lib\site-packages\apscheduler\scheduler.py] [scheduler] [_main_loop] 580: Looking for jobs to run
[INFO] [2018-12-11 11:14:34,886] [F:\Python3.6\lib\site-packages\apscheduler\scheduler.py] [scheduler] [_run_job] 510: Running job "tsk (trigger: interval[0:01:00], next run at: 2018-12-11 11:14:34.874920)" (scheduled at 2018-12-11 11:14:34.874920)
[INFO] [2018-12-11 11:14:34,886] [E:\pythontest\SHJPro\SHJ\views.py] [views] [tsk_up_comment] 139: 开始更新评论
[DEBUG] [2018-12-11 11:14:34,887] [F:\Python3.6\lib\site-packages\apscheduler\scheduler.py] [scheduler] [_main_loop] 589: Next wakeup is due at 2018-12-11 11:15:34.874920 (in 59.992547 seconds)
[INFO] [2018-12-11 11:14:39,083] [E:\pythontest\SHJPro\SHJ\views.py] [views] [tsk_up_comment] 143: 更新评论结束
[INFO] [2018-12-11 11:14:39,084] [F:\Python3.6\lib\site-packages\apscheduler\scheduler.py] [scheduler] [_run_job] 528: Job "tsk (trigger: interval[0:01:00], next run at: 2018-12-11 11:15:34.874920)" executed successfully
[DEBUG] [2018-12-11 11:15:34,880] [F:\Python3.6\lib\site-packages\apscheduler\scheduler.py] [scheduler] [_main_loop] 580: Looking for jobs to run
[INFO] [2018-12-11 11:15:34,881] [F:\Python3.6\lib\site-packages\apscheduler\scheduler.py] [scheduler] [_run_job] 510: Running job "tsk (trigger: interval[0:01:00], next run at: 2018-12-11 11:15:34.874920)" (scheduled at 2018-12-11 11:15:34.874920)
[DEBUG] [2018-12-11 11:15:34,881] [F:\Python3.6\lib\site-packages\apscheduler\scheduler.py] [scheduler] [_main_loop] 589: Next wakeup is due at 2018-12-11 11:16:34.874920 (in 59.993929 seconds)
[INFO] [2018-12-11 11:15:34,881] [E:\pythontest\SHJPro\SHJ\views.py] [views] [tsk_up_comment] 139: 开始更新评论
[INFO] [2018-12-11 11:15:38,216] [E:\pythontest\SHJPro\SHJ\views.py] [views] [tsk_up_comment] 143: 更新评论结束
[INFO] [2018-12-11 11:15:38,217] [F:\Python3.6\lib\site-packages\apscheduler\scheduler.py] [scheduler] [_run_job] 528: Job "tsk (trigger: interval[0:01:00], next run at: 2018-12-11 11:16:34.874920)" executed successfully
[DEBUG] [2018-12-11 11:16:34,876] [F:\Python3.6\lib\site-packages\apscheduler\scheduler.py] [scheduler] [_main_loop] 580: Looking for jobs to run
[INFO] [2018-12-11 11:16:34,876] [F:\Python3.6\lib\site-packages\apscheduler\scheduler.py] [scheduler] [_run_job] 510: Running job "tsk (trigger: interval[0:01:00], next run at: 2018-12-11 11:16:34.874920)" (scheduled at 2018-12-11 11:16:34.874920)
[DEBUG] [2018-12-11 11:16:34,876] [F:\Python3.6\lib\site-packages\apscheduler\scheduler.py] [scheduler] [_main_loop] 589: Next wakeup is due at 2018-12-11 11:17:34.874920 (in 59.998810 seconds)
[INFO] [2018-12-11 11:16:34,877] [E:\pythontest\SHJPro\SHJ\views.py] [views] [tsk_up_comment] 139: 开始更新评论
[INFO] [2018-12-11 11:16:38,729] [E:\pythontest\SHJPro\SHJ\views.py] [views] [tsk_up_comment] 143: 更新评论结束
[INFO] [2018-12-11 11:16:38,730] [F:\Python3.6\lib\site-packages\apscheduler\scheduler.py] [scheduler] [_run_job] 528: Job "tsk (trigger: interval[0:01:00], next run at: 2018-12-11 11:17:34.874920)" executed successfully
[DEBUG] [2018-12-11 11:17:34,888] [F:\Python3.6\lib\site-packages\apscheduler\scheduler.py] [scheduler] [_main_loop] 580: Looking for jobs to run
[INFO] [2018-12-11 11:17:34,889] [F:\Python3.6\lib\site-packages\apscheduler\scheduler.py] [scheduler] [_run_job] 510: Running job "tsk (trigger: interval[0:01:00], next run at: 2018-12-11 11:17:34.874920)" (scheduled at 2018-12-11 11:17:34.874920)
[INFO] [2018-12-11 11:17:34,889] [E:\pythontest\SHJPro\SHJ\views.py] [views] [tsk_up_comment] 139: 开始更新评论
[DEBUG] [2018-12-11 11:17:34,890] [F:\Python3.6\lib\site-packages\apscheduler\scheduler.py] [scheduler] [_main_loop] 589: Next wakeup is due at 2018-12-11 11:18:34.874920 (in 59.986190 seconds)
[INFO] [2018-12-11 11:17:38,238] [E:\pythontest\SHJPro\SHJ\views.py] [views] [tsk_up_comment] 143: 更新评论结束
[INFO] [2018-12-11 11:17:38,238] [F:\Python3.6\lib\site-packages\apscheduler\scheduler.py] [scheduler] [_run_job] 528: Job "tsk (trigger: interval[0:01:00], next run at: 2018-12-11 11:18:34.874920)" executed successfully
[DEBUG] [2018-12-11 11:18:34,887] [F:\Python3.6\lib\site-packages\apscheduler\scheduler.py] [scheduler] [_main_loop] 580: Looking for jobs to run
[INFO] [2018-12-11 11:18:34,888] [F:\Python3.6\lib\site-packages\apscheduler\scheduler.py] [scheduler] [_run_job] 510: Running job "tsk (trigger: interval[0:01:00], next run at: 2018-12-11 11:18:34.874920)" (scheduled at 2018-12-11 11:18:34.874920)
[DEBUG] [2018-12-11 11:18:34,888] [F:\Python3.6\lib\site-packages\apscheduler\scheduler.py] [scheduler] [_main_loop] 589: Next wakeup is due at 2018-12-11 11:19:34.874920 (in 59.987071 seconds)
[INFO] [2018-12-11 11:18:34,888] [E:\pythontest\SHJPro\SHJ\views.py] [views] [tsk_up_comment] 139: 开始更新评论
[INFO] [2018-12-11 11:18:38,297] [E:\pythontest\SHJPro\SHJ\views.py] [views] [tsk_up_comment] 143: 更新评论结束
[INFO] [2018-12-11 11:18:38,297] [F:\Python3.6\lib\site-packages\apscheduler\scheduler.py] [scheduler] [_run_job] 528: Job "tsk (trigger: interval[0:01:00], next run at: 2018-12-11 11:19:34.874920)" executed successfully
[DEBUG] [2018-12-11 11:19:34,888] [F:\Python3.6\lib\site-packages\apscheduler\scheduler.py] [scheduler] [_main_loop] 580: Looking for jobs to run
[INFO] [2018-12-11 11:19:34,888] [F:\Python3.6\lib\site-packages\apscheduler\scheduler.py] [scheduler] [_run_job] 510: Running job "tsk (trigger: interval[0:01:00], next run at: 2018-12-11 11:19:34.874920)" (scheduled at 2018-12-11 11:19:34.874920)
[DEBUG] [2018-12-11 11:19:34,888] [F:\Python3.6\lib\site-packages\apscheduler\scheduler.py] [scheduler] [_main_loop] 589: Next wakeup is due at 2018-12-11 11:20:34.874920 (in 59.986452 seconds)
[INFO] [2018-12-11 11:19:34,888] [E:\pythontest\SHJPro\SHJ\views.py] [views] [tsk_up_comment] 139: 开始更新评论
[INFO] [2018-12-11 11:19:38,768] [E:\pythontest\SHJPro\SHJ\views.py] [views] [tsk_up_comment] 143: 更新评论结束
[INFO] [2018-12-11 11:19:38,768] [F:\Python3.6\lib\site-packages\apscheduler\scheduler.py] [scheduler] [_run_job] 528: Job "tsk (trigger: interval[0:01:00], next run at: 2018-12-11 11:20:34.874920)" executed successfully
[DEBUG] [2018-12-11 11:20:34,886] [F:\Python3.6\lib\site-packages\apscheduler\scheduler.py] [scheduler] [_main_loop] 580: Looking for jobs to run
[INFO] [2018-12-11 11:20:34,887] [F:\Python3.6\lib\site-packages\apscheduler\scheduler.py] [scheduler] [_run_job] 510: Running job "tsk (trigger: interval[0:01:00], next run at: 2018-12-11 11:20:34.874920)" (scheduled at 2018-12-11 11:20:34.874920)
[DEBUG] [2018-12-11 11:20:34,887] [F:\Python3.6\lib\site-packages\apscheduler\scheduler.py] [scheduler] [_main_loop] 589: Next wakeup is due at 2018-12-11 11:21:34.874920 (in 59.987833 seconds)
[INFO] [2018-12-11 11:20:34,887] [E:\pythontest\SHJPro\SHJ\views.py] [views] [tsk_up_comment] 139: 开始更新评论
[INFO] [2018-12-11 11:20:38,547] [E:\pythontest\SHJPro\SHJ\views.py] [views] [tsk_up_comment] 143: 更新评论结束
[INFO] [2018-12-11 11:20:38,548] [F:\Python3.6\lib\site-packages\apscheduler\scheduler.py] [scheduler] [_run_job] 528: Job "tsk (trigger: interval[0:01:00], next run at: 2018-12-11 11:21:34.874920)" executed successfully
[DEBUG] [2018-12-11 11:21:34,881] [F:\Python3.6\lib\site-packages\apscheduler\scheduler.py] [scheduler] [_main_loop] 580: Looking for jobs to run
[INFO] [2018-12-11 11:21:34,882] [F:\Python3.6\lib\site-packages\apscheduler\scheduler.py] [scheduler] [_run_job] 510: Running job "tsk (trigger: interval[0:01:00], next run at: 2018-12-11 11:21:34.874920)" (scheduled at 2018-12-11 11:21:34.874920)
[DEBUG] [2018-12-11 11:21:34,882] [F:\Python3.6\lib\site-packages\apscheduler\scheduler.py] [scheduler] [_main_loop] 589: Next wakeup is due at 2018-12-11 11:22:34.874920 (in 59.993214 seconds)
[INFO] [2018-12-11 11:21:34,882] [E:\pythontest\SHJPro\SHJ\views.py] [views] [tsk_up_comment] 139: 开始更新评论
[INFO] [2018-12-11 11:21:39,514] [E:\pythontest\SHJPro\SHJ\views.py] [views] [tsk_up_comment] 143: 更新评论结束
[INFO] [2018-12-11 11:21:39,514] [F:\Python3.6\lib\site-packages\apscheduler\scheduler.py] [scheduler] [_run_job] 528: Job "tsk (trigger: interval[0:01:00], next run at: 2018-12-11 11:22:34.874920)" executed successfully
[DEBUG] [2018-12-11 11:22:34,895] [F:\Python3.6\lib\site-packages\apscheduler\scheduler.py] [scheduler] [_main_loop] 580: Looking for jobs to run
[INFO] [2018-12-11 11:22:34,899] [F:\Python3.6\lib\site-packages\apscheduler\scheduler.py] [scheduler] [_run_job] 510: Running job "tsk (trigger: interval[0:01:00], next run at: 2018-12-11 11:22:34.874920)" (scheduled at 2018-12-11 11:22:34.874920)
[INFO] [2018-12-11 11:22:34,899] [E:\pythontest\SHJPro\SHJ\views.py] [views] [tsk_up_comment] 139: 开始更新评论
[DEBUG] [2018-12-11 11:22:34,900] [F:\Python3.6\lib\site-packages\apscheduler\scheduler.py] [scheduler] [_main_loop] 589: Next wakeup is due at 2018-12-11 11:23:34.874920 (in 59.979093 seconds)
[INFO] [2018-12-11 11:22:39,864] [E:\pythontest\SHJPro\SHJ\views.py] [views] [tsk_up_comment] 143: 更新评论结束
[INFO] [2018-12-11 11:22:39,864] [F:\Python3.6\lib\site-packages\apscheduler\scheduler.py] [scheduler] [_run_job] 528: Job "tsk (trigger: interval[0:01:00], next run at: 2018-12-11 11:23:34.874920)" executed successfully
[DEBUG] [2018-12-11 11:23:34,881] [F:\Python3.6\lib\site-packages\apscheduler\scheduler.py] [scheduler] [_main_loop] 580: Looking for jobs to run
[INFO] [2018-12-11 11:23:34,882] [F:\Python3.6\lib\site-packages\apscheduler\scheduler.py] [scheduler] [_run_job] 510: Running job "tsk (trigger: interval[0:01:00], next run at: 2018-12-11 11:23:34.874920)" (scheduled at 2018-12-11 11:23:34.874920)
[DEBUG] [2018-12-11 11:23:34,882] [F:\Python3.6\lib\site-packages\apscheduler\scheduler.py] [scheduler] [_main_loop] 589: Next wakeup is due at 2018-12-11 11:24:34.874920 (in 59.992976 seconds)
[INFO] [2018-12-11 11:23:34,882] [E:\pythontest\SHJPro\SHJ\views.py] [views] [tsk_up_comment] 139: 开始更新评论
[INFO] [2018-12-11 11:23:38,011] [E:\pythontest\SHJPro\SHJ\views.py] [views] [tsk_up_comment] 143: 更新评论结束
[INFO] [2018-12-11 11:23:38,011] [F:\Python3.6\lib\site-packages\apscheduler\scheduler.py] [scheduler] [_run_job] 528: Job "tsk (trigger: interval[0:01:00], next run at: 2018-12-11 11:24:34.874920)" executed successfully
[DEBUG] [2018-12-11 11:24:34,876] [F:\Python3.6\lib\site-packages\apscheduler\scheduler.py] [scheduler] [_main_loop] 580: Looking for jobs to run
[INFO] [2018-12-11 11:24:34,876] [F:\Python3.6\lib\site-packages\apscheduler\scheduler.py] [scheduler] [_run_job] 510: Running job "tsk (trigger: interval[0:01:00], next run at: 2018-12-11 11:24:34.874920)" (scheduled at 2018-12-11 11:24:34.874920)
[DEBUG] [2018-12-11 11:24:34,877] [F:\Python3.6\lib\site-packages\apscheduler\scheduler.py] [scheduler] [_main_loop] 589: Next wakeup is due at 2018-12-11 11:25:34.874920 (in 59.998858 seconds)
[INFO] [2018-12-11 11:24:34,877] [E:\pythontest\SHJPro\SHJ\views.py] [views] [tsk_up_comment] 139: 开始更新评论
[INFO] [2018-12-11 11:24:38,391] [E:\pythontest\SHJPro\SHJ\views.py] [views] [tsk_up_comment] 143: 更新评论结束
[INFO] [2018-12-11 11:24:38,391] [F:\Python3.6\lib\site-packages\apscheduler\scheduler.py] [scheduler] [_run_job] 528: Job "tsk (trigger: interval[0:01:00], next run at: 2018-12-11 11:25:34.874920)" executed successfully
[DEBUG] [2018-12-11 11:25:34,888] [F:\Python3.6\lib\site-packages\apscheduler\scheduler.py] [scheduler] [_main_loop] 580: Looking for jobs to run
[INFO] [2018-12-11 11:25:34,889] [F:\Python3.6\lib\site-packages\apscheduler\scheduler.py] [scheduler] [_run_job] 510: Running job "tsk (trigger: interval[0:01:00], next run at: 2018-12-11 11:25:34.874920)" (scheduled at 2018-12-11 11:25:34.874920)
[INFO] [2018-12-11 11:25:34,889] [E:\pythontest\SHJPro\SHJ\views.py] [views] [tsk_up_comment] 139: 开始更新评论
[DEBUG] [2018-12-11 11:25:34,889] [F:\Python3.6\lib\site-packages\apscheduler\scheduler.py] [scheduler] [_main_loop] 589: Next wakeup is due at 2018-12-11 11:26:34.874920 (in 59.986237 seconds)
[INFO] [2018-12-11 11:25:38,587] [E:\pythontest\SHJPro\SHJ\views.py] [views] [tsk_up_comment] 143: 更新评论结束
[INFO] [2018-12-11 11:25:38,587] [F:\Python3.6\lib\site-packages\apscheduler\scheduler.py] [scheduler] [_run_job] 528: Job "tsk (trigger: interval[0:01:00], next run at: 2018-12-11 11:26:34.874920)" executed successfully
[DEBUG] [2018-12-11 11:26:34,887] [F:\Python3.6\lib\site-packages\apscheduler\scheduler.py] [scheduler] [_main_loop] 580: Looking for jobs to run
[INFO] [2018-12-11 11:26:34,887] [F:\Python3.6\lib\site-packages\apscheduler\scheduler.py] [scheduler] [_run_job] 510: Running job "tsk (trigger: interval[0:01:00], next run at: 2018-12-11 11:26:34.874920)" (scheduled at 2018-12-11 11:26:34.874920)
[DEBUG] [2018-12-11 11:26:34,888] [F:\Python3.6\lib\site-packages\apscheduler\scheduler.py] [scheduler] [_main_loop] 589: Next wakeup is due at 2018-12-11 11:27:34.874920 (in 59.987618 seconds)
[INFO] [2018-12-11 11:26:34,888] [E:\pythontest\SHJPro\SHJ\views.py] [views] [tsk_up_comment] 139: 开始更新评论
[INFO] [2018-12-11 11:26:38,116] [E:\pythontest\SHJPro\SHJ\views.py] [views] [tsk_up_comment] 143: 更新评论结束
[INFO] [2018-12-11 11:26:38,116] [F:\Python3.6\lib\site-packages\apscheduler\scheduler.py] [scheduler] [_run_job] 528: Job "tsk (trigger: interval[0:01:00], next run at: 2018-12-11 11:27:34.874920)" executed successfully
[DEBUG] [2018-12-11 11:27:34,886] [F:\Python3.6\lib\site-packages\apscheduler\scheduler.py] [scheduler] [_main_loop] 580: Looking for jobs to run
[INFO] [2018-12-11 11:27:34,886] [F:\Python3.6\lib\site-packages\apscheduler\scheduler.py] [scheduler] [_run_job] 510: Running job "tsk (trigger: interval[0:01:00], next run at: 2018-12-11 11:27:34.874920)" (scheduled at 2018-12-11 11:27:34.874920)
[DEBUG] [2018-12-11 11:27:34,887] [F:\Python3.6\lib\site-packages\apscheduler\scheduler.py] [scheduler] [_main_loop] 589: Next wakeup is due at 2018-12-11 11:28:34.874920 (in 59.988500 seconds)
[INFO] [2018-12-11 11:27:34,887] [E:\pythontest\SHJPro\SHJ\views.py] [views] [tsk_up_comment] 139: 开始更新评论
[INFO] [2018-12-11 11:27:38,229] [E:\pythontest\SHJPro\SHJ\views.py] [views] [tsk_up_comment] 143: 更新评论结束
[INFO] [2018-12-11 11:27:38,229] [F:\Python3.6\lib\site-packages\apscheduler\scheduler.py] [scheduler] [_run_job] 528: Job "tsk (trigger: interval[0:01:00], next run at: 2018-12-11 11:28:34.874920)" executed successfully
[DEBUG] [2018-12-11 11:28:34,882] [F:\Python3.6\lib\site-packages\apscheduler\scheduler.py] [scheduler] [_main_loop] 580: Looking for jobs to run
[INFO] [2018-12-11 11:28:34,883] [F:\Python3.6\lib\site-packages\apscheduler\scheduler.py] [scheduler] [_run_job] 510: Running job "tsk (trigger: interval[0:01:00], next run at: 2018-12-11 11:28:34.874920)" (scheduled at 2018-12-11 11:28:34.874920)
[DEBUG] [2018-12-11 11:28:34,883] [F:\Python3.6\lib\site-packages\apscheduler\scheduler.py] [scheduler] [_main_loop] 589: Next wakeup is due at 2018-12-11 11:29:34.874920 (in 59.991881 seconds)
[INFO] [2018-12-11 11:28:34,883] [E:\pythontest\SHJPro\SHJ\views.py] [views] [tsk_up_comment] 139: 开始更新评论
[INFO] [2018-12-11 11:28:38,609] [E:\pythontest\SHJPro\SHJ\views.py] [views] [tsk_up_comment] 143: 更新评论结束
[INFO] [2018-12-11 11:28:38,609] [F:\Python3.6\lib\site-packages\apscheduler\scheduler.py] [scheduler] [_run_job] 528: Job "tsk (trigger: interval[0:01:00], next run at: 2018-12-11 11:29:34.874920)" executed successfully
[DEBUG] [2018-12-11 11:29:34,885] [F:\Python3.6\lib\site-packages\apscheduler\scheduler.py] [scheduler] [_main_loop] 580: Looking for jobs to run
[INFO] [2018-12-11 11:29:34,885] [F:\Python3.6\lib\site-packages\apscheduler\scheduler.py] [scheduler] [_run_job] 510: Running job "tsk (trigger: interval[0:01:00], next run at: 2018-12-11 11:29:34.874920)" (scheduled at 2018-12-11 11:29:34.874920)
[INFO] [2018-12-11 11:29:34,886] [E:\pythontest\SHJPro\SHJ\views.py] [views] [tsk_up_comment] 139: 开始更新评论
[DEBUG] [2018-12-11 11:29:34,885] [F:\Python3.6\lib\site-packages\apscheduler\scheduler.py] [scheduler] [_main_loop] 589: Next wakeup is due at 2018-12-11 11:30:34.874920 (in 59.989762 seconds)
[INFO] [2018-12-11 11:29:38,013] [E:\pythontest\SHJPro\SHJ\views.py] [views] [tsk_up_comment] 143: 更新评论结束
[INFO] [2018-12-11 11:29:38,013] [F:\Python3.6\lib\site-packages\apscheduler\scheduler.py] [scheduler] [_run_job] 528: Job "tsk (trigger: interval[0:01:00], next run at: 2018-12-11 11:30:34.874920)" executed successfully
[DEBUG] [2018-12-11 11:30:34,884] [F:\Python3.6\lib\site-packages\apscheduler\scheduler.py] [scheduler] [_main_loop] 580: Looking for jobs to run
[INFO] [2018-12-11 11:30:34,885] [F:\Python3.6\lib\site-packages\apscheduler\scheduler.py] [scheduler] [_run_job] 510: Running job "tsk (trigger: interval[0:01:00], next run at: 2018-12-11 11:30:34.874920)" (scheduled at 2018-12-11 11:30:34.874920)
[DEBUG] [2018-12-11 11:30:34,885] [F:\Python3.6\lib\site-packages\apscheduler\scheduler.py] [scheduler] [_main_loop] 589: Next wakeup is due at 2018-12-11 11:31:34.874920 (in 59.990143 seconds)
[INFO] [2018-12-11 11:30:34,885] [E:\pythontest\SHJPro\SHJ\views.py] [views] [tsk_up_comment] 139: 开始更新评论
[INFO] [2018-12-11 11:30:38,271] [E:\pythontest\SHJPro\SHJ\views.py] [views] [tsk_up_comment] 143: 更新评论结束
[INFO] [2018-12-11 11:30:38,271] [F:\Python3.6\lib\site-packages\apscheduler\scheduler.py] [scheduler] [_run_job] 528: Job "tsk (trigger: interval[0:01:00], next run at: 2018-12-11 11:31:34.874920)" executed successfully
[DEBUG] [2018-12-11 11:31:34,876] [F:\Python3.6\lib\site-packages\apscheduler\scheduler.py] [scheduler] [_main_loop] 580: Looking for jobs to run
[INFO] [2018-12-11 11:31:34,877] [F:\Python3.6\lib\site-packages\apscheduler\scheduler.py] [scheduler] [_run_job] 510: Running job "tsk (trigger: interval[0:01:00], next run at: 2018-12-11 11:31:34.874920)" (scheduled at 2018-12-11 11:31:34.874920)
[DEBUG] [2018-12-11 11:31:34,877] [F:\Python3.6\lib\site-packages\apscheduler\scheduler.py] [scheduler] [_main_loop] 589: Next wakeup is due at 2018-12-11 11:32:34.874920 (in 59.997525 seconds)
[INFO] [2018-12-11 11:31:34,877] [E:\pythontest\SHJPro\SHJ\views.py] [views] [tsk_up_comment] 139: 开始更新评论
[INFO] [2018-12-11 11:31:38,289] [E:\pythontest\SHJPro\SHJ\views.py] [views] [tsk_up_comment] 143: 更新评论结束
[INFO] [2018-12-11 11:31:38,289] [F:\Python3.6\lib\site-packages\apscheduler\scheduler.py] [scheduler] [_run_job] 528: Job "tsk (trigger: interval[0:01:00], next run at: 2018-12-11 11:32:34.874920)" executed successfully
[DEBUG] [2018-12-11 11:32:34,882] [F:\Python3.6\lib\site-packages\apscheduler\scheduler.py] [scheduler] [_main_loop] 580: Looking for jobs to run
[INFO] [2018-12-11 11:32:34,884] [F:\Python3.6\lib\site-packages\apscheduler\scheduler.py] [scheduler] [_run_job] 510: Running job "tsk (trigger: interval[0:01:00], next run at: 2018-12-11 11:32:34.874920)" (scheduled at 2018-12-11 11:32:34.874920)
[DEBUG] [2018-12-11 11:32:34,885] [F:\Python3.6\lib\site-packages\apscheduler\scheduler.py] [scheduler] [_main_loop] 589: Next wakeup is due at 2018-12-11 11:33:34.874920 (in 59.991905 seconds)
[INFO] [2018-12-11 11:32:34,885] [E:\pythontest\SHJPro\SHJ\views.py] [views] [tsk_up_comment] 139: 开始更新评论
[INFO] [2018-12-11 11:32:38,209] [E:\pythontest\SHJPro\SHJ\views.py] [views] [tsk_up_comment] 143: 更新评论结束
[INFO] [2018-12-11 11:32:38,210] [F:\Python3.6\lib\site-packages\apscheduler\scheduler.py] [scheduler] [_run_job] 528: Job "tsk (trigger: interval[0:01:00], next run at: 2018-12-11 11:33:34.874920)" executed successfully
[DEBUG] [2018-12-11 11:33:34,877] [F:\Python3.6\lib\site-packages\apscheduler\scheduler.py] [scheduler] [_main_loop] 580: Looking for jobs to run
[INFO] [2018-12-11 11:33:34,877] [F:\Python3.6\lib\site-packages\apscheduler\scheduler.py] [scheduler] [_run_job] 510: Running job "tsk (trigger: interval[0:01:00], next run at: 2018-12-11 11:33:34.874920)" (scheduled at 2018-12-11 11:33:34.874920)
[INFO] [2018-12-11 11:33:34,877] [E:\pythontest\SHJPro\SHJ\views.py] [views] [tsk_up_comment] 139: 开始更新评论
[DEBUG] [2018-12-11 11:33:34,877] [F:\Python3.6\lib\site-packages\apscheduler\scheduler.py] [scheduler] [_main_loop] 589: Next wakeup is due at 2018-12-11 11:34:34.874920 (in 59.997787 seconds)
[INFO] [2018-12-11 11:33:38,530] [E:\pythontest\SHJPro\SHJ\views.py] [views] [tsk_up_comment] 143: 更新评论结束
[INFO] [2018-12-11 11:33:38,531] [F:\Python3.6\lib\site-packages\apscheduler\scheduler.py] [scheduler] [_run_job] 528: Job "tsk (trigger: interval[0:01:00], next run at: 2018-12-11 11:34:34.874920)" executed successfully
[DEBUG] [2018-12-11 11:34:34,876] [F:\Python3.6\lib\site-packages\apscheduler\scheduler.py] [scheduler] [_main_loop] 580: Looking for jobs to run
[INFO] [2018-12-11 11:34:34,877] [F:\Python3.6\lib\site-packages\apscheduler\scheduler.py] [scheduler] [_run_job] 510: Running job "tsk (trigger: interval[0:01:00], next run at: 2018-12-11 11:34:34.874920)" (scheduled at 2018-12-11 11:34:34.874920)
[DEBUG] [2018-12-11 11:34:34,877] [F:\Python3.6\lib\site-packages\apscheduler\scheduler.py] [scheduler] [_main_loop] 589: Next wakeup is due at 2018-12-11 11:35:34.874920 (in 59.997667 seconds)
[INFO] [2018-12-11 11:34:34,877] [E:\pythontest\SHJPro\SHJ\views.py] [views] [tsk_up_comment] 139: 开始更新评论
[INFO] [2018-12-11 11:34:38,440] [E:\pythontest\SHJPro\SHJ\views.py] [views] [tsk_up_comment] 143: 更新评论结束
[INFO] [2018-12-11 11:34:38,440] [F:\Python3.6\lib\site-packages\apscheduler\scheduler.py] [scheduler] [_run_job] 528: Job "tsk (trigger: interval[0:01:00], next run at: 2018-12-11 11:35:34.874920)" executed successfully
[DEBUG] [2018-12-11 11:35:34,875] [F:\Python3.6\lib\site-packages\apscheduler\scheduler.py] [scheduler] [_main_loop] 580: Looking for jobs to run
[INFO] [2018-12-11 11:35:34,876] [F:\Python3.6\lib\site-packages\apscheduler\scheduler.py] [scheduler] [_run_job] 510: Running job "tsk (trigger: interval[0:01:00], next run at: 2018-12-11 11:35:34.874920)" (scheduled at 2018-12-11 11:35:34.874920)
[DEBUG] [2018-12-11 11:35:34,876] [F:\Python3.6\lib\site-packages\apscheduler\scheduler.py] [scheduler] [_main_loop] 589: Next wakeup is due at 2018-12-11 11:36:34.874920 (in 59.999049 seconds)
[INFO] [2018-12-11 11:35:34,876] [E:\pythontest\SHJPro\SHJ\views.py] [views] [tsk_up_comment] 139: 开始更新评论
[INFO] [2018-12-11 11:35:38,040] [E:\pythontest\SHJPro\SHJ\views.py] [views] [tsk_up_comment] 143: 更新评论结束
[INFO] [2018-12-11 11:35:38,041] [F:\Python3.6\lib\site-packages\apscheduler\scheduler.py] [scheduler] [_run_job] 528: Job "tsk (trigger: interval[0:01:00], next run at: 2018-12-11 11:36:34.874920)" executed successfully
[DEBUG] [2018-12-11 11:36:34,880] [F:\Python3.6\lib\site-packages\apscheduler\scheduler.py] [scheduler] [_main_loop] 580: Looking for jobs to run
[INFO] [2018-12-11 11:36:34,881] [F:\Python3.6\lib\site-packages\apscheduler\scheduler.py] [scheduler] [_run_job] 510: Running job "tsk (trigger: interval[0:01:00], next run at: 2018-12-11 11:36:34.874920)" (scheduled at 2018-12-11 11:36:34.874920)
[DEBUG] [2018-12-11 11:36:34,881] [F:\Python3.6\lib\site-packages\apscheduler\scheduler.py] [scheduler] [_main_loop] 589: Next wakeup is due at 2018-12-11 11:37:34.874920 (in 59.993929 seconds)
[INFO] [2018-12-11 11:36:34,881] [E:\pythontest\SHJPro\SHJ\views.py] [views] [tsk_up_comment] 139: 开始更新评论
[INFO] [2018-12-11 11:36:37,986] [E:\pythontest\SHJPro\SHJ\views.py] [views] [tsk_up_comment] 143: 更新评论结束
[INFO] [2018-12-11 11:36:37,986] [F:\Python3.6\lib\site-packages\apscheduler\scheduler.py] [scheduler] [_run_job] 528: Job "tsk (trigger: interval[0:01:00], next run at: 2018-12-11 11:37:34.874920)" executed successfully
[DEBUG] [2018-12-11 11:37:34,888] [F:\Python3.6\lib\site-packages\apscheduler\scheduler.py] [scheduler] [_main_loop] 580: Looking for jobs to run
[INFO] [2018-12-11 11:37:34,889] [F:\Python3.6\lib\site-packages\apscheduler\scheduler.py] [scheduler] [_run_job] 510: Running job "tsk (trigger: interval[0:01:00], next run at: 2018-12-11 11:37:34.874920)" (scheduled at 2018-12-11 11:37:34.874920)
[INFO] [2018-12-11 11:37:34,889] [E:\pythontest\SHJPro\SHJ\views.py] [views] [tsk_up_comment] 139: 开始更新评论
[DEBUG] [2018-12-11 11:37:34,890] [F:\Python3.6\lib\site-packages\apscheduler\scheduler.py] [scheduler] [_main_loop] 589: Next wakeup is due at 2018-12-11 11:38:34.874920 (in 59.986809 seconds)
[INFO] [2018-12-11 11:37:38,249] [E:\pythontest\SHJPro\SHJ\views.py] [views] [tsk_up_comment] 143: 更新评论结束
[INFO] [2018-12-11 11:37:38,250] [F:\Python3.6\lib\site-packages\apscheduler\scheduler.py] [scheduler] [_run_job] 528: Job "tsk (trigger: interval[0:01:00], next run at: 2018-12-11 11:38:34.874920)" executed successfully
[DEBUG] [2018-12-11 11:38:34,877] [F:\Python3.6\lib\site-packages\apscheduler\scheduler.py] [scheduler] [_main_loop] 580: Looking for jobs to run
[INFO] [2018-12-11 11:38:34,877] [F:\Python3.6\lib\site-packages\apscheduler\scheduler.py] [scheduler] [_run_job] 510: Running job "tsk (trigger: interval[0:01:00], next run at: 2018-12-11 11:38:34.874920)" (scheduled at 2018-12-11 11:38:34.874920)
[DEBUG] [2018-12-11 11:38:34,878] [F:\Python3.6\lib\site-packages\apscheduler\scheduler.py] [scheduler] [_main_loop] 589: Next wakeup is due at 2018-12-11 11:39:34.874920 (in 59.997691 seconds)
[INFO] [2018-12-11 11:38:34,878] [E:\pythontest\SHJPro\SHJ\views.py] [views] [tsk_up_comment] 139: 开始更新评论
[INFO] [2018-12-11 11:38:38,054] [E:\pythontest\SHJPro\SHJ\views.py] [views] [tsk_up_comment] 143: 更新评论结束
[INFO] [2018-12-11 11:38:38,055] [F:\Python3.6\lib\site-packages\apscheduler\scheduler.py] [scheduler] [_run_job] 528: Job "tsk (trigger: interval[0:01:00], next run at: 2018-12-11 11:39:34.874920)" executed successfully
[DEBUG] [2018-12-11 11:39:34,876] [F:\Python3.6\lib\site-packages\apscheduler\scheduler.py] [scheduler] [_main_loop] 580: Looking for jobs to run
[INFO] [2018-12-11 11:39:34,876] [F:\Python3.6\lib\site-packages\apscheduler\scheduler.py] [scheduler] [_run_job] 510: Running job "tsk (trigger: interval[0:01:00], next run at: 2018-12-11 11:39:34.874920)" (scheduled at 2018-12-11 11:39:34.874920)
[DEBUG] [2018-12-11 11:39:34,877] [F:\Python3.6\lib\site-packages\apscheduler\scheduler.py] [scheduler] [_main_loop] 589: Next wakeup is due at 2018-12-11 11:40:34.874920 (in 59.998572 seconds)
[INFO] [2018-12-11 11:39:34,877] [E:\pythontest\SHJPro\SHJ\views.py] [views] [tsk_up_comment] 139: 开始更新评论
[INFO] [2018-12-11 11:39:38,152] [E:\pythontest\SHJPro\SHJ\views.py] [views] [tsk_up_comment] 143: 更新评论结束
[INFO] [2018-12-11 11:39:38,153] [F:\Python3.6\lib\site-packages\apscheduler\scheduler.py] [scheduler] [_run_job] 528: Job "tsk (trigger: interval[0:01:00], next run at: 2018-12-11 11:40:34.874920)" executed successfully
[DEBUG] [2018-12-11 11:40:34,888] [F:\Python3.6\lib\site-packages\apscheduler\scheduler.py] [scheduler] [_main_loop] 580: Looking for jobs to run
[INFO] [2018-12-11 11:40:34,889] [F:\Python3.6\lib\site-packages\apscheduler\scheduler.py] [scheduler] [_run_job] 510: Running job "tsk (trigger: interval[0:01:00], next run at: 2018-12-11 11:40:34.874920)" (scheduled at 2018-12-11 11:40:34.874920)
[DEBUG] [2018-12-11 11:40:34,889] [F:\Python3.6\lib\site-packages\apscheduler\scheduler.py] [scheduler] [_main_loop] 589: Next wakeup is due at 2018-12-11 11:41:34.874920 (in 59.985952 seconds)
[INFO] [2018-12-11 11:40:34,889] [E:\pythontest\SHJPro\SHJ\views.py] [views] [tsk_up_comment] 139: 开始更新评论
[INFO] [2018-12-11 11:40:38,558] [E:\pythontest\SHJPro\SHJ\views.py] [views] [tsk_up_comment] 143: 更新评论结束
[INFO] [2018-12-11 11:40:38,559] [F:\Python3.6\lib\site-packages\apscheduler\scheduler.py] [scheduler] [_run_job] 528: Job "tsk (trigger: interval[0:01:00], next run at: 2018-12-11 11:41:34.874920)" executed successfully
[DEBUG] [2018-12-11 11:41:34,888] [F:\Python3.6\lib\site-packages\apscheduler\scheduler.py] [scheduler] [_main_loop] 580: Looking for jobs to run
[INFO] [2018-12-11 11:41:34,890] [F:\Python3.6\lib\site-packages\apscheduler\scheduler.py] [scheduler] [_run_job] 510: Running job "tsk (trigger: interval[0:01:00], next run at: 2018-12-11 11:41:34.874920)" (scheduled at 2018-12-11 11:41:34.874920)
[DEBUG] [2018-12-11 11:41:34,890] [F:\Python3.6\lib\site-packages\apscheduler\scheduler.py] [scheduler] [_main_loop] 589: Next wakeup is due at 2018-12-11 11:42:34.874920 (in 59.985833 seconds)
[INFO] [2018-12-11 11:41:34,890] [E:\pythontest\SHJPro\SHJ\views.py] [views] [tsk_up_comment] 139: 开始更新评论
[INFO] [2018-12-11 11:41:38,000] [E:\pythontest\SHJPro\SHJ\views.py] [views] [tsk_up_comment] 143: 更新评论结束
[INFO] [2018-12-11 11:41:38,001] [F:\Python3.6\lib\site-packages\apscheduler\scheduler.py] [scheduler] [_run_job] 528: Job "tsk (trigger: interval[0:01:00], next run at: 2018-12-11 11:42:34.874920)" executed successfully
[DEBUG] [2018-12-11 11:42:34,885] [F:\Python3.6\lib\site-packages\apscheduler\scheduler.py] [scheduler] [_main_loop] 580: Looking for jobs to run
[INFO] [2018-12-11 11:42:34,886] [F:\Python3.6\lib\site-packages\apscheduler\scheduler.py] [scheduler] [_run_job] 510: Running job "tsk (trigger: interval[0:01:00], next run at: 2018-12-11 11:42:34.874920)" (scheduled at 2018-12-11 11:42:34.874920)
[DEBUG] [2018-12-11 11:42:34,886] [F:\Python3.6\lib\site-packages\apscheduler\scheduler.py] [scheduler] [_main_loop] 589: Next wakeup is due at 2018-12-11 11:43:34.874920 (in 59.989214 seconds)
[INFO] [2018-12-11 11:42:34,886] [E:\pythontest\SHJPro\SHJ\views.py] [views] [tsk_up_comment] 139: 开始更新评论
[INFO] [2018-12-11 11:42:38,047] [E:\pythontest\SHJPro\SHJ\views.py] [views] [tsk_up_comment] 143: 更新评论结束
[INFO] [2018-12-11 11:42:38,047] [F:\Python3.6\lib\site-packages\apscheduler\scheduler.py] [scheduler] [_run_job] 528: Job "tsk (trigger: interval[0:01:00], next run at: 2018-12-11 11:43:34.874920)" executed successfully
[DEBUG] [2018-12-11 11:43:34,883] [F:\Python3.6\lib\site-packages\apscheduler\scheduler.py] [scheduler] [_main_loop] 580: Looking for jobs to run
[INFO] [2018-12-11 11:43:34,884] [F:\Python3.6\lib\site-packages\apscheduler\scheduler.py] [scheduler] [_run_job] 510: Running job "tsk (trigger: interval[0:01:00], next run at: 2018-12-11 11:43:34.874920)" (scheduled at 2018-12-11 11:43:34.874920)
[DEBUG] [2018-12-11 11:43:34,884] [F:\Python3.6\lib\site-packages\apscheduler\scheduler.py] [scheduler] [_main_loop] 589: Next wakeup is due at 2018-12-11 11:44:34.874920 (in 59.991595 seconds)
[INFO] [2018-12-11 11:43:34,884] [E:\pythontest\SHJPro\SHJ\views.py] [views] [tsk_up_comment] 139: 开始更新评论
[INFO] [2018-12-11 11:43:38,318] [E:\pythontest\SHJPro\SHJ\views.py] [views] [tsk_up_comment] 143: 更新评论结束
[INFO] [2018-12-11 11:43:38,318] [F:\Python3.6\lib\site-packages\apscheduler\scheduler.py] [scheduler] [_run_job] 528: Job "tsk (trigger: interval[0:01:00], next run at: 2018-12-11 11:44:34.874920)" executed successfully
[DEBUG] [2018-12-11 11:44:34,885] [F:\Python3.6\lib\site-packages\apscheduler\scheduler.py] [scheduler] [_main_loop] 580: Looking for jobs to run
[INFO] [2018-12-11 11:44:34,885] [F:\Python3.6\lib\site-packages\apscheduler\scheduler.py] [scheduler] [_run_job] 510: Running job "tsk (trigger: interval[0:01:00], next run at: 2018-12-11 11:44:34.874920)" (scheduled at 2018-12-11 11:44:34.874920)
[DEBUG] [2018-12-11 11:44:34,886] [F:\Python3.6\lib\site-packages\apscheduler\scheduler.py] [scheduler] [_main_loop] 589: Next wakeup is due at 2018-12-11 11:45:34.874920 (in 59.988976 seconds)
[INFO] [2018-12-11 11:44:34,886] [E:\pythontest\SHJPro\SHJ\views.py] [views] [tsk_up_comment] 139: 开始更新评论
[INFO] [2018-12-11 11:44:38,006] [E:\pythontest\SHJPro\SHJ\views.py] [views] [tsk_up_comment] 143: 更新评论结束
[INFO] [2018-12-11 11:44:38,006] [F:\Python3.6\lib\site-packages\apscheduler\scheduler.py] [scheduler] [_run_job] 528: Job "tsk (trigger: interval[0:01:00], next run at: 2018-12-11 11:45:34.874920)" executed successfully
